Device: cuda
  GPU: NVIDIA L40S
  VRAM: 50.9 GB

======================================================================
  Benchmark: ks
======================================================================

--- ks/float32/seed=42 ---
  Params: trained=4641, frozen=12
  1-step: {'mse': 1.6785752147067493e-07}
  Rollout: {1: 6.262579290705617e-07, 3: 2.0842751382588176e-06, 5: 4.0420854929834604e-06, 10: 1.0032790669356473e-05}
  Time: 41.5s

--- ks/float32/seed=123 ---
  Params: trained=4641, frozen=12
  1-step: {'mse': 3.746829641689449e-07}
  Rollout: {1: 3.190247298334725e-06, 3: 7.521251973230392e-06, 5: 1.1373303095751908e-05, 10: 2.0773049982381053e-05}
  Time: 36.7s

--- ks/float32/seed=777 ---
  Params: trained=4641, frozen=12
  1-step: {'mse': 1.3005785122762367e-07}
  Rollout: {1: 1.1570268725336064e-06, 3: 4.3438817556307185e-06, 5: 8.736565177969169e-06, 10: 2.318111182830762e-05}
  Time: 36.6s

--- ks/bfloat16/seed=42 ---
  Params: trained=4641, frozen=12
  1-step: {'mse': 7.649951212442829e-07}
  Rollout: {1: 8.195898431040405e-07, 3: 2.3404381863656454e-06, 5: 4.375894604891073e-06, 10: 1.219447858602507e-05}
  Time: 51.5s

--- ks/bfloat16/seed=123 ---
  Params: trained=4641, frozen=12
  1-step: {'mse': 3.6311321264292927e-07}
  Rollout: {1: 1.6893100109882653e-06, 3: 5.3520484470936935e-06, 5: 9.69561097008409e-06, 10: 2.2268688553594984e-05}
  Time: 70.0s

--- ks/bfloat16/seed=777 ---
  Params: trained=4641, frozen=12
  1-step: {'mse': 3.044020133226392e-07}
  Rollout: {1: 8.972328942036256e-07, 3: 2.8052775178366574e-06, 5: 5.510463779501151e-06, 10: 1.571830580360256e-05}
  Time: 69.7s

--- ks/int8/seed=42 ---
  Params: trained=4641, frozen=12
  1-step: {'mse': 1.5891092455907105e-07}
  Rollout: {1: 2.4413623123109573e-07, 3: 1.1660957852654974e-06, 5: 2.707014118641382e-06, 10: 1.0012723578256555e-05}
  Time: 69.8s

--- ks/int8/seed=123 ---
  Params: trained=4641, frozen=12
  1-step: {'mse': 2.494913409615644e-07}
  Rollout: {1: 8.649805067761918e-07, 3: 3.707137011588202e-06, 5: 8.007571523194201e-06, 10: 2.6188256015302613e-05}
  Time: 70.4s

--- ks/int8/seed=777 ---
  Params: trained=4641, frozen=12
  1-step: {'mse': 3.620096631493652e-07}
  Rollout: {1: 1.0099968221766176e-06, 3: 3.5462226151139475e-06, 5: 7.456786988768727e-06, 10: 1.945042095030658e-05}
  Time: 71.9s
======================================================================
  Benchmark: heat
======================================================================

--- heat/float32/seed=42 ---
  Params: trained=4641, frozen=12
  1-step: {'mse': 1.1077541103986732e-06}
  Rollout: {1: 1.835602574828954e-06, 3: 0.00030074003734625876, 5: 0.01617806777358055, 10: 0.13274145126342773}
  Time: 85.7s

--- heat/float32/seed=123 ---
  Params: trained=4641, frozen=12
  1-step: {'mse': 1.961422831057765e-06}
  Rollout: {1: 4.495802841120167e-06, 3: 0.00030525311012752354, 5: 0.012997174635529518, 10: 0.13406981527805328}
  Time: 82.2s

--- heat/float32/seed=777 ---
  Params: trained=4641, frozen=12
  1-step: {'mse': 8.349192055599512e-07}
  Rollout: {1: 9.660371915742871e-07, 3: 0.00011070422624470666, 5: 0.012263811193406582, 10: 0.13279038667678833}
  Time: 81.8s

--- heat/bfloat16/seed=42 ---
  Params: trained=4641, frozen=12
  1-step: {'mse': 9.608121913515789e-07}
  Rollout: {1: 2.084051175188506e-06, 3: 0.0001554059999762103, 5: 0.013223351910710335, 10: 0.1444242149591446}
  Time: 91.9s

--- heat/bfloat16/seed=123 ---
  Params: trained=4641, frozen=12
  1-step: {'mse': 2.0726214360062538e-06}
  Rollout: {1: 2.113805521730683e-06, 3: 0.0001998640364035964, 5: 0.014725713059306145, 10: 0.13178753852844238}
  Time: 91.4s

--- heat/bfloat16/seed=777 ---
  Params: trained=4641, frozen=12
  1-step: {'mse': 1.3984719022118952e-06}
  Rollout: {1: 2.828152673828299e-06, 3: 0.00011814406025223434, 5: 0.015230963006615639, 10: 0.13544805347919464}
  Time: 92.0s

--- heat/int8/seed=42 ---
  Params: trained=4641, frozen=12
  1-step: {'mse': 1.488605725595941e-06}
  Rollout: {1: 3.873131390719209e-06, 3: 0.000621225219219923, 5: 0.023684578016400337, 10: 0.14181776344776154}
  Time: 92.7s

--- heat/int8/seed=123 ---
  Params: trained=4641, frozen=12
  1-step: {'mse': 2.4304149951300737e-06}
  Rollout: {1: 4.3605241444311105e-06, 3: 0.00021660288621205837, 5: 0.016794530674815178, 10: 0.1297852098941803}
  Time: 91.9s

--- heat/int8/seed=777 ---
  Params: trained=4641, frozen=12
  1-step: {'mse': 1.153373670391981e-06}
  Rollout: {1: 3.052726242458448e-06, 3: 0.00048069687909446657, 5: 0.013375299051404, 10: 0.13702425360679626}
  Time: 92.3s
======================================================================
  Benchmark: gol
======================================================================

--- gol/float32/seed=42 ---
  Params: trained=4641, frozen=12
  1-step: {'accuracy': 0.9791490885416667, 'bce': 0.10675824546813965}
  Rollout: {1: 0.9755859375, 3: 0.9397786458333334, 5: 0.910546875, 10: 0.84228515625}
  Time: 68.1s

--- gol/float32/seed=123 ---
  Params: trained=4641, frozen=12
  1-step: {'accuracy': 0.9791585286458333, 'bce': 0.10511764778693516}
  Rollout: {1: 0.9755859375, 3: 0.9404296875, 5: 0.9115234375, 10: 0.84267578125}
  Time: 67.7s

--- gol/float32/seed=777 ---
  Params: trained=4641, frozen=12
  1-step: {'accuracy': 0.9790999348958334, 'bce': 0.06678442271550497}
  Rollout: {1: 0.974609375, 3: 0.9401041666666666, 5: 0.9091796875, 10: 0.84306640625}
  Time: 66.5s

--- gol/bfloat16/seed=42 ---
  Params: trained=4641, frozen=12
  1-step: {'accuracy': 0.9791380208333333, 'bce': 0.1018696221113205}
  Rollout: {1: 0.9755859375, 3: 0.939453125, 5: 0.909765625, 10: 0.84248046875}
  Time: 74.8s

--- gol/bfloat16/seed=123 ---
  Params: trained=4641, frozen=12
  1-step: {'accuracy': 0.9791103515625, 'bce': 0.10226294340689977}
  Rollout: {1: 0.9755859375, 3: 0.9404296875, 5: 0.9107421875, 10: 0.8451171875}
  Time: 74.8s

--- gol/bfloat16/seed=777 ---
  Params: trained=4641, frozen=12
  1-step: {'accuracy': 0.9791686197916667, 'bce': 0.10425800655285518}
  Rollout: {1: 0.9755859375, 3: 0.9391276041666666, 5: 0.9103515625, 10: 0.8451171875}
  Time: 73.6s

--- gol/int8/seed=42 ---
  Params: trained=4641, frozen=12
  1-step: {'accuracy': 0.979154296875, 'bce': 0.10207779558499654}
  Rollout: {1: 0.9755859375, 3: 0.9397786458333334, 5: 0.9109375, 10: 0.84296875}
  Time: 74.5s

--- gol/int8/seed=123 ---
  Params: trained=4641, frozen=12
  1-step: {'accuracy': 0.97912890625, 'bce': 0.10795451565583547}
  Rollout: {1: 0.9755859375, 3: 0.9397786458333334, 5: 0.9107421875, 10: 0.84248046875}
  Time: 74.1s

--- gol/int8/seed=777 ---
  Params: trained=4641, frozen=12
  1-step: {'accuracy': 0.9791442057291667, 'bce': 0.10238254616657892}
  Rollout: {1: 0.9755859375, 3: 0.9397786458333334, 5: 0.9103515625, 10: 0.84365234375}
  Time: 75.0s

======================================================================
  INT8 ABLATION SUMMARY
======================================================================


--- ks ---
Precision   1-step (mean+-std)       h=1            h=3            h=5            h=10           
-------------------------------------------------------------------------------------------------
float32     0.000000 +- 0.000000  0.000002     0.000005     0.000008     0.000018     
bfloat16    0.000000 +- 0.000000  0.000001     0.000003     0.000007     0.000017     
int8        0.000000 +- 0.000000  0.000001     0.000003     0.000006     0.000019     

--- heat ---
Precision   1-step (mean+-std)       h=1            h=3            h=5            h=10           
-------------------------------------------------------------------------------------------------
float32     0.000001 +- 0.000000  0.000002     0.000239     0.013813     0.133201     
bfloat16    0.000001 +- 0.000000  0.000002     0.000158     0.014393     0.137220     
int8        0.000002 +- 0.000001  0.000004     0.000440     0.017951     0.136209     

--- gol ---
Precision   1-step (mean+-std)       h=1            h=3            h=5            h=10           
-------------------------------------------------------------------------------------------------
float32     0.979136 +- 0.000026  0.975260     0.940104     0.910417     0.842676     
bfloat16    0.979139 +- 0.000024  0.975586     0.939670     0.910286     0.844238     
int8        0.979142 +- 0.000010  0.975586     0.939779     0.910677     0.843034     

Results saved to /root/wmca/experiments/results/int8_ablation.json

======================================================================
  KEY FINDINGS
======================================================================

ks (mse):
  float32:  0.000000
  bfloat16: 0.000000 (+112.9%)
  int8:     0.000000 (+14.5%)
  -> Int8 viable: NO (threshold: <10% degradation)

heat (mse):
  float32:  0.000001
  bfloat16: 0.000001 (+13.5%)
  int8:     0.000002 (+29.9%)
  -> Int8 viable: NO (threshold: <10% degradation)

gol (accuracy):
  float32:  0.979136
  bfloat16: 0.979139 (+0.0%)
  int8:     0.979142 (+0.0%)
  -> Int8 viable: YES (threshold: <5% accuracy drop)
